{
  "C:\\LENA\\OTUS\\Lesson21_Slider\\src\\slider.js": {
    "path": "C:\\LENA\\OTUS\\Lesson21_Slider\\src\\slider.js",
    "all": false,
    "statementMap": {
      "0": {
        "start": { "line": 1, "column": 0 },
        "end": { "line": 1, "column": 37 }
      },
      "1": {
        "start": { "line": 2, "column": 0 },
        "end": { "line": 2, "column": 34 }
      },
      "2": {
        "start": { "line": 3, "column": 0 },
        "end": { "line": 3, "column": 49 }
      },
      "3": {
        "start": { "line": 4, "column": 0 },
        "end": { "line": 4, "column": 49 }
      },
      "4": {
        "start": { "line": 5, "column": 0 },
        "end": { "line": 5, "column": 38 }
      },
      "5": {
        "start": { "line": 6, "column": 0 },
        "end": { "line": 6, "column": 0 }
      },
      "6": {
        "start": { "line": 7, "column": 0 },
        "end": { "line": 7, "column": 10 }
      },
      "7": {
        "start": { "line": 8, "column": 0 },
        "end": { "line": 8, "column": 52 }
      },
      "8": {
        "start": { "line": 9, "column": 0 },
        "end": { "line": 9, "column": 42 }
      },
      "9": {
        "start": { "line": 10, "column": 0 },
        "end": { "line": 10, "column": 59 }
      },
      "10": {
        "start": { "line": 11, "column": 0 },
        "end": { "line": 11, "column": 44 }
      },
      "11": {
        "start": { "line": 12, "column": 0 },
        "end": { "line": 12, "column": 27 }
      },
      "12": {
        "start": { "line": 13, "column": 0 },
        "end": { "line": 13, "column": 0 }
      },
      "13": {
        "start": { "line": 14, "column": 0 },
        "end": { "line": 14, "column": 57 }
      },
      "14": {
        "start": { "line": 15, "column": 0 },
        "end": { "line": 15, "column": 43 }
      },
      "15": {
        "start": { "line": 16, "column": 0 },
        "end": { "line": 16, "column": 46 }
      },
      "16": {
        "start": { "line": 17, "column": 0 },
        "end": { "line": 17, "column": 45 }
      },
      "17": {
        "start": { "line": 18, "column": 0 },
        "end": { "line": 18, "column": 32 }
      },
      "18": {
        "start": { "line": 19, "column": 0 },
        "end": { "line": 19, "column": 25 }
      },
      "19": {
        "start": { "line": 20, "column": 0 },
        "end": { "line": 20, "column": 5 }
      },
      "20": {
        "start": { "line": 21, "column": 0 },
        "end": { "line": 21, "column": 10 }
      },
      "21": {
        "start": { "line": 22, "column": 0 },
        "end": { "line": 22, "column": 52 }
      },
      "22": {
        "start": { "line": 23, "column": 0 },
        "end": { "line": 23, "column": 39 }
      },
      "23": {
        "start": { "line": 24, "column": 0 },
        "end": { "line": 24, "column": 56 }
      },
      "24": {
        "start": { "line": 25, "column": 0 },
        "end": { "line": 25, "column": 0 }
      },
      "25": {
        "start": { "line": 26, "column": 0 },
        "end": { "line": 26, "column": 41 }
      },
      "26": {
        "start": { "line": 27, "column": 0 },
        "end": { "line": 27, "column": 45 }
      },
      "27": {
        "start": { "line": 28, "column": 0 },
        "end": { "line": 28, "column": 0 }
      },
      "28": {
        "start": { "line": 29, "column": 0 },
        "end": { "line": 29, "column": 26 }
      },
      "29": {
        "start": { "line": 30, "column": 0 },
        "end": { "line": 30, "column": 28 }
      },
      "30": {
        "start": { "line": 31, "column": 0 },
        "end": { "line": 31, "column": 47 }
      },
      "31": {
        "start": { "line": 32, "column": 0 },
        "end": { "line": 32, "column": 55 }
      },
      "32": {
        "start": { "line": 33, "column": 0 },
        "end": { "line": 33, "column": 40 }
      },
      "33": {
        "start": { "line": 34, "column": 0 },
        "end": { "line": 34, "column": 48 }
      },
      "34": {
        "start": { "line": 35, "column": 0 },
        "end": { "line": 35, "column": 20 }
      },
      "35": {
        "start": { "line": 36, "column": 0 },
        "end": { "line": 36, "column": 52 }
      },
      "36": {
        "start": { "line": 37, "column": 0 },
        "end": { "line": 37, "column": 13 }
      },
      "37": {
        "start": { "line": 38, "column": 0 },
        "end": { "line": 38, "column": 49 }
      },
      "38": {
        "start": { "line": 39, "column": 0 },
        "end": { "line": 39, "column": 19 }
      },
      "39": {
        "start": { "line": 40, "column": 0 },
        "end": { "line": 40, "column": 11 }
      },
      "40": {
        "start": { "line": 41, "column": 0 },
        "end": { "line": 41, "column": 9 }
      },
      "41": {
        "start": { "line": 42, "column": 0 },
        "end": { "line": 42, "column": 7 }
      },
      "42": {
        "start": { "line": 43, "column": 0 },
        "end": { "line": 43, "column": 5 }
      },
      "43": {
        "start": { "line": 44, "column": 0 },
        "end": { "line": 44, "column": 0 }
      },
      "44": {
        "start": { "line": 45, "column": 0 },
        "end": { "line": 45, "column": 29 }
      },
      "45": {
        "start": { "line": 46, "column": 0 },
        "end": { "line": 46, "column": 28 }
      },
      "46": {
        "start": { "line": 47, "column": 0 },
        "end": { "line": 47, "column": 47 }
      },
      "47": {
        "start": { "line": 48, "column": 0 },
        "end": { "line": 48, "column": 55 }
      },
      "48": {
        "start": { "line": 49, "column": 0 },
        "end": { "line": 49, "column": 26 }
      },
      "49": {
        "start": { "line": 50, "column": 0 },
        "end": { "line": 50, "column": 62 }
      },
      "50": {
        "start": { "line": 51, "column": 0 },
        "end": { "line": 51, "column": 20 }
      },
      "51": {
        "start": { "line": 52, "column": 0 },
        "end": { "line": 52, "column": 52 }
      },
      "52": {
        "start": { "line": 53, "column": 0 },
        "end": { "line": 53, "column": 13 }
      },
      "53": {
        "start": { "line": 54, "column": 0 },
        "end": { "line": 54, "column": 49 }
      },
      "54": {
        "start": { "line": 55, "column": 0 },
        "end": { "line": 55, "column": 19 }
      },
      "55": {
        "start": { "line": 56, "column": 0 },
        "end": { "line": 56, "column": 11 }
      },
      "56": {
        "start": { "line": 57, "column": 0 },
        "end": { "line": 57, "column": 9 }
      },
      "57": {
        "start": { "line": 58, "column": 0 },
        "end": { "line": 58, "column": 7 }
      },
      "58": {
        "start": { "line": 59, "column": 0 },
        "end": { "line": 59, "column": 5 }
      },
      "59": {
        "start": { "line": 60, "column": 0 },
        "end": { "line": 60, "column": 0 }
      },
      "60": {
        "start": { "line": 61, "column": 0 },
        "end": { "line": 61, "column": 78 }
      },
      "61": {
        "start": { "line": 62, "column": 0 },
        "end": { "line": 62, "column": 11 }
      },
      "62": {
        "start": { "line": 63, "column": 0 },
        "end": { "line": 63, "column": 38 }
      },
      "63": {
        "start": { "line": 64, "column": 0 },
        "end": { "line": 64, "column": 47 }
      },
      "64": {
        "start": { "line": 65, "column": 0 },
        "end": { "line": 65, "column": 3 }
      },
      "65": {
        "start": { "line": 66, "column": 0 },
        "end": { "line": 66, "column": 0 }
      },
      "66": {
        "start": { "line": 67, "column": 0 },
        "end": { "line": 67, "column": 38 }
      },
      "67": {
        "start": { "line": 68, "column": 0 },
        "end": { "line": 68, "column": 42 }
      },
      "68": {
        "start": { "line": 69, "column": 0 },
        "end": { "line": 69, "column": 29 }
      },
      "69": {
        "start": { "line": 70, "column": 0 },
        "end": { "line": 70, "column": 3 }
      },
      "70": {
        "start": { "line": 71, "column": 0 },
        "end": { "line": 71, "column": 1 }
      }
    },
    "s": {
      "0": 1,
      "1": 7,
      "2": 9,
      "3": 9,
      "4": 9,
      "5": 9,
      "6": 9,
      "7": 9,
      "8": 9,
      "9": 9,
      "10": 9,
      "11": 9,
      "12": 9,
      "13": 9,
      "14": 9,
      "15": 45,
      "16": 45,
      "17": 45,
      "18": 45,
      "19": 45,
      "20": 9,
      "21": 9,
      "22": 9,
      "23": 9,
      "24": 9,
      "25": 9,
      "26": 9,
      "27": 9,
      "28": 9,
      "29": 4,
      "30": 4,
      "31": 7,
      "32": 4,
      "33": 0,
      "34": 4,
      "35": 4,
      "36": 4,
      "37": 4,
      "38": 4,
      "39": 4,
      "40": 7,
      "41": 4,
      "42": 4,
      "43": 9,
      "44": 9,
      "45": 3,
      "46": 3,
      "47": 7,
      "48": 3,
      "49": 2,
      "50": 3,
      "51": 1,
      "52": 1,
      "53": 3,
      "54": 3,
      "55": 3,
      "56": 7,
      "57": 3,
      "58": 3,
      "59": 9,
      "60": 9,
      "61": 9,
      "62": 9,
      "63": 9,
      "64": 9,
      "65": 7,
      "66": 7,
      "67": 7,
      "68": 9,
      "69": 9,
      "70": 7
    },
    "branchMap": {
      "0": {
        "type": "branch",
        "line": 1,
        "loc": {
          "start": { "line": 1, "column": 7 },
          "end": { "line": 71, "column": 1 }
        },
        "locations": [
          {
            "start": { "line": 1, "column": 7 },
            "end": { "line": 71, "column": 1 }
          }
        ]
      },
      "1": {
        "type": "branch",
        "line": 68,
        "loc": {
          "start": { "line": 68, "column": 41 },
          "end": { "line": 70, "column": 3 }
        },
        "locations": [
          {
            "start": { "line": 68, "column": 41 },
            "end": { "line": 70, "column": 3 }
          }
        ]
      },
      "2": {
        "type": "branch",
        "line": 2,
        "loc": {
          "start": { "line": 2, "column": 2 },
          "end": { "line": 65, "column": 3 }
        },
        "locations": [
          {
            "start": { "line": 2, "column": 2 },
            "end": { "line": 65, "column": 3 }
          }
        ]
      },
      "3": {
        "type": "branch",
        "line": 15,
        "loc": {
          "start": { "line": 15, "column": 42 },
          "end": { "line": 20, "column": 5 }
        },
        "locations": [
          {
            "start": { "line": 15, "column": 42 },
            "end": { "line": 20, "column": 5 }
          }
        ]
      },
      "4": {
        "type": "branch",
        "line": 29,
        "loc": {
          "start": { "line": 29, "column": 4 },
          "end": { "line": 43, "column": 5 }
        },
        "locations": [
          {
            "start": { "line": 29, "column": 4 },
            "end": { "line": 43, "column": 5 }
          }
        ]
      },
      "5": {
        "type": "branch",
        "line": 31,
        "loc": {
          "start": { "line": 31, "column": 46 },
          "end": { "line": 41, "column": 9 }
        },
        "locations": [
          {
            "start": { "line": 31, "column": 46 },
            "end": { "line": 41, "column": 9 }
          }
        ]
      },
      "6": {
        "type": "branch",
        "line": 32,
        "loc": {
          "start": { "line": 32, "column": 54 },
          "end": { "line": 40, "column": 11 }
        },
        "locations": [
          {
            "start": { "line": 32, "column": 54 },
            "end": { "line": 40, "column": 11 }
          }
        ]
      },
      "7": {
        "type": "branch",
        "line": 33,
        "loc": {
          "start": { "line": 33, "column": 39 },
          "end": { "line": 35, "column": 13 }
        },
        "locations": [
          {
            "start": { "line": 33, "column": 39 },
            "end": { "line": 35, "column": 13 }
          }
        ]
      },
      "8": {
        "type": "branch",
        "line": 45,
        "loc": {
          "start": { "line": 45, "column": 4 },
          "end": { "line": 59, "column": 5 }
        },
        "locations": [
          {
            "start": { "line": 45, "column": 4 },
            "end": { "line": 59, "column": 5 }
          }
        ]
      },
      "9": {
        "type": "branch",
        "line": 47,
        "loc": {
          "start": { "line": 47, "column": 46 },
          "end": { "line": 57, "column": 9 }
        },
        "locations": [
          {
            "start": { "line": 47, "column": 46 },
            "end": { "line": 57, "column": 9 }
          }
        ]
      },
      "10": {
        "type": "branch",
        "line": 48,
        "loc": {
          "start": { "line": 48, "column": 54 },
          "end": { "line": 56, "column": 11 }
        },
        "locations": [
          {
            "start": { "line": 48, "column": 54 },
            "end": { "line": 56, "column": 11 }
          }
        ]
      },
      "11": {
        "type": "branch",
        "line": 49,
        "loc": {
          "start": { "line": 49, "column": 25 },
          "end": { "line": 51, "column": 13 }
        },
        "locations": [
          {
            "start": { "line": 49, "column": 25 },
            "end": { "line": 51, "column": 13 }
          }
        ]
      },
      "12": {
        "type": "branch",
        "line": 51,
        "loc": {
          "start": { "line": 51, "column": 13 },
          "end": { "line": 53, "column": 13 }
        },
        "locations": [
          {
            "start": { "line": 51, "column": 13 },
            "end": { "line": 53, "column": 13 }
          }
        ]
      }
    },
    "b": {
      "0": [7],
      "1": [9],
      "2": [9],
      "3": [45],
      "4": [4],
      "5": [7],
      "6": [4],
      "7": [0],
      "8": [3],
      "9": [7],
      "10": [3],
      "11": [2],
      "12": [1]
    },
    "fnMap": {
      "0": {
        "name": "initialize",
        "decl": {
          "start": { "line": 1, "column": 7 },
          "end": { "line": 71, "column": 1 }
        },
        "loc": {
          "start": { "line": 1, "column": 7 },
          "end": { "line": 71, "column": 1 }
        },
        "line": 1
      },
      "1": {
        "name": "createSlider",
        "decl": {
          "start": { "line": 2, "column": 2 },
          "end": { "line": 65, "column": 3 }
        },
        "loc": {
          "start": { "line": 2, "column": 2 },
          "end": { "line": 65, "column": 3 }
        },
        "line": 2
      },
      "2": {
        "name": "nextSlide",
        "decl": {
          "start": { "line": 29, "column": 4 },
          "end": { "line": 43, "column": 5 }
        },
        "loc": {
          "start": { "line": 29, "column": 4 },
          "end": { "line": 43, "column": 5 }
        },
        "line": 29
      },
      "3": {
        "name": "previewSlide",
        "decl": {
          "start": { "line": 45, "column": 4 },
          "end": { "line": 59, "column": 5 }
        },
        "loc": {
          "start": { "line": 45, "column": 4 },
          "end": { "line": 59, "column": 5 }
        },
        "line": 45
      }
    },
    "f": { "0": 7, "1": 9, "2": 4, "3": 3 }
  }
}
