TN:
SF:src\slider.js
FN:1,initialize
FN:2,createSlider
FN:29,nextSlide
FN:45,previewSlide
FNF:4
FNH:4
FNDA:7,initialize
FNDA:9,createSlider
FNDA:4,nextSlide
FNDA:3,previewSlide
DA:1,1
DA:2,7
DA:3,9
DA:4,9
DA:5,9
DA:6,9
DA:7,9
DA:8,9
DA:9,9
DA:10,9
DA:11,9
DA:12,9
DA:13,9
DA:14,9
DA:15,9
DA:16,45
DA:17,45
DA:18,45
DA:19,45
DA:20,45
DA:21,9
DA:22,9
DA:23,9
DA:24,9
DA:25,9
DA:26,9
DA:27,9
DA:28,9
DA:29,9
DA:30,4
DA:31,4
DA:32,7
DA:33,4
DA:34,0
DA:35,4
DA:36,4
DA:37,4
DA:38,4
DA:39,4
DA:40,4
DA:41,7
DA:42,4
DA:43,4
DA:44,9
DA:45,9
DA:46,3
DA:47,3
DA:48,7
DA:49,3
DA:50,2
DA:51,3
DA:52,1
DA:53,1
DA:54,3
DA:55,3
DA:56,3
DA:57,7
DA:58,3
DA:59,3
DA:60,9
DA:61,9
DA:62,9
DA:63,9
DA:64,9
DA:65,9
DA:66,7
DA:67,7
DA:68,7
DA:69,9
DA:70,9
DA:71,7
LF:71
LH:70
BRDA:1,0,0,7
BRDA:68,1,0,9
BRDA:2,2,0,9
BRDA:15,3,0,45
BRDA:29,4,0,4
BRDA:31,5,0,7
BRDA:32,6,0,4
BRDA:33,7,0,0
BRDA:45,8,0,3
BRDA:47,9,0,7
BRDA:48,10,0,3
BRDA:49,11,0,2
BRDA:51,12,0,1
BRF:13
BRH:12
end_of_record
