TN:
SF:src\slider.js
FN:1,getAllCarouselItems
FN:5,nextSlide
FN:30,previewSlide
FN:51,initialize
FNF:4
FNH:2
FNDA:3,getAllCarouselItems
FNDA:1,nextSlide
FNDA:0,previewSlide
FNDA:0,initialize
DA:1,1
DA:2,3
DA:3,3
DA:4,1
DA:5,1
DA:6,1
DA:7,1
DA:8,1
DA:9,1
DA:10,1
DA:11,1
DA:12,1
DA:13,1
DA:14,1
DA:15,1
DA:16,0
DA:17,0
DA:18,0
DA:19,0
DA:20,0
DA:21,0
DA:22,0
DA:23,0
DA:24,0
DA:25,0
DA:26,0
DA:27,0
DA:28,1
DA:29,1
DA:30,1
DA:31,0
DA:32,0
DA:33,0
DA:34,0
DA:35,0
DA:36,0
DA:37,0
DA:38,0
DA:39,0
DA:40,0
DA:41,0
DA:42,0
DA:43,0
DA:44,0
DA:45,0
DA:46,0
DA:47,0
DA:48,0
DA:49,1
DA:50,1
DA:51,1
DA:52,0
DA:53,0
DA:54,0
DA:55,0
DA:56,0
DA:57,0
DA:58,1
DA:59,1
DA:60,1
LF:60
LH:24
BRDA:1,0,0,3
BRDA:5,1,0,1
BRDA:15,2,0,0
BRDA:50,3,0,1
BRF:4
BRH:3
end_of_record
